<?xml version="1.0" encoding="UTF-8"?>
<!-- Generated by org.testng.reporters.JUnitReportReporter -->
<testsuite hostname="LAPTOP-1BN8HBN0" failures="0" tests="1" name="NewTest" time="3.386" errors="0" timestamp="2024-02-05T17:44:50 IST" skipped="0">
  <testcase classname="NewTest" name="f" time="3.386"/>
  <system-out/>
</testsuite> <!-- NewTest -->
