<?xml version="1.0" encoding="UTF-8"?>
<!-- Generated by org.testng.reporters.JUnitReportReporter -->
<testsuite hostname="LAPTOP-1BN8HBN0" failures="0" tests="1" name="NewTest" time="3.783" errors="0" timestamp="2024-02-02T17:58:57 IST" skipped="0">
  <testcase classname="NewTest" name="f" time="3.783"/>
  <system-out/>
</testsuite> <!-- NewTest -->
